<?xml version="1.0" encoding="UTF-8"?>
<!-- Generated by org.testng.reporters.JUnitXMLReporter -->
<testsuite ignored="2" hostname="INDMUMBLPTMP064" failures="2" tests="12" name="Test" time="115.504" errors="0" timestamp="2023-02-13T10:51:01 IST">
  <testcase classname="excelConfigTest.ExcelTest" name="form" time="0.028"/>
  <testcase classname="excelConfigTest.ExcelTest" name="form" time="0.003"/>
  <testcase classname="excelConfigTest.ExcelTest" name="form" time="0.002"/>
  <testcase classname="excelConfigTest.ExcelTest" name="form" time="0.002"/>
  <testcase classname="excelConfigTest.ExcelTest" name="form" time="0.001"/>
  <testcase classname="excelConfigTest.ExcelTest" name="form" time="0.001"/>
  <testcase classname="excelConfigTest.ExcelTest" name="tc_01" time="0.001"/>
  <testcase classname="excelConfigTest.ExcelTest" name="tc_03" time="0.001"/>
  <testcase classname="excelConfigTest.ExcelTest" name="testData" time="0.023"/>
  <testcase classname="generalStore.ECommerceTest_01" name="fillFormNegativeTest" time="8.093">
    <failure type="java.lang.AssertionError" message="expected [enter your name] but found [Please enter your name]">
      <![CDATA[java.lang.AssertionError: expected [enter your name] but found [Please enter your name]
at generalStore.ECommerceTest_01.fillFormNegativeTest(ECommerceTest_01.java:50)
at java.base/java.util.ArrayList.forEach(ArrayList.java:1541)
... Removed 33 stack frames]]>
    </failure>
  </testcase> <!-- fillFormNegativeTest -->
  <testcase classname="generalStore.ECommerceTest_01" name="fillFormPositiveTest" time="21.13"/>
  <testcase classname="generalStore.ECommerceTest_02" name="sumOfcartProducts" time="36.543">
    <failure type="org.openqa.selenium.NoSuchElementException" message="Can&amp;apos;t locate an element by this strategy: By.chained({AppiumBy.id: com.androidsample.generalstore:id/totalAmountLbl})">
      <![CDATA[org.openqa.selenium.NoSuchElementException: Can't locate an element by this strategy: By.chained({AppiumBy.id: com.androidsample.generalstore:id/totalAmountLbl})
at io.appium.java_client.pagefactory.AppiumElementLocator.findElement(AppiumElementLocator.java:125)
at io.appium.java_client.pagefactory.interceptors.InterceptorOfASingleElement.intercept(InterceptorOfASingleElement.java:59)
at org.openqa.selenium.remote.RemoteWebElement$$EnhancerByCGLIB$$d27c0df4.getText(<generated>)
at generalStorePageObjects.CartPage.getcartPrice(CartPage.java:64)
at generalStore.ECommerceTest_02.sumOfcartProducts(ECommerceTest_02.java:36)
at java.base/java.util.ArrayList.forEach(ArrayList.java:1541)
Caused by: org.openqa.selenium.TimeoutException: Expected condition failed: waiting for io.appium.java_client.pagefactory.AppiumElementLocator$WaitingFunction@3b30eec5 (tried for 1 second(s) with 500 milliseconds interval)
at org.openqa.selenium.support.ui.FluentWait.timeoutException(FluentWait.java:263)
at org.openqa.selenium.support.ui.FluentWait.until(FluentWait.java:231)
at io.appium.java_client.pagefactory.AppiumElementLocator.waitFor(AppiumElementLocator.java:98)
at io.appium.java_client.pagefactory.AppiumElementLocator.findElement(AppiumElementLocator.java:118)
... 32 more
Caused by: org.openqa.selenium.NoSuchElementException: Cannot locate an element using By.chained({AppiumBy.id: com.androidsample.generalstore:id/totalAmountLbl})
For documentation on this error, please visit: https://selenium.dev/exceptions/#no_such_element
Build info: version: '4.8.0', revision: '267030adea'
System info: os.name: 'Windows 10', os.arch: 'amd64', os.version: '10.0', java.version: '11.0.17'
Driver info: driver.version: RemoteWebDriver
at io.appium.java_client.pagefactory.bys.builder.ByChained.findElement(ByChained.java:77)
at org.openqa.selenium.remote.ElementLocation$ElementFinder$1.findElement(ElementLocation.java:136)
at org.openqa.selenium.remote.ElementLocation.findElement(ElementLocation.java:60)
at org.openqa.selenium.remote.RemoteWebDriver.findElement(RemoteWebDriver.java:352)
at org.openqa.selenium.remote.RemoteWebDriver.findElement(RemoteWebDriver.java:344)
at io.appium.java_client.pagefactory.bys.ContentMappedBy.findElement(ContentMappedBy.java:50)
at org.openqa.selenium.remote.ElementLocation$ElementFinder$1.findElement(ElementLocation.java:136)
at org.openqa.selenium.remote.ElementLocation.findElement(ElementLocation.java:60)
at org.openqa.selenium.remote.RemoteWebDriver.findElement(RemoteWebDriver.java:352)
at org.openqa.selenium.remote.RemoteWebDriver.findElement(RemoteWebDriver.java:344)
at io.appium.java_client.pagefactory.AppiumElementLocator.lambda$findElement$0(AppiumElementLocator.java:119)
at io.appium.java_client.pagefactory.AppiumElementLocator$WaitingFunction.apply(AppiumElementLocator.java:171)
at io.appium.java_client.pagefactory.AppiumElementLocator$WaitingFunction.apply(AppiumElementLocator.java:164)
at org.openqa.selenium.support.ui.FluentWait.until(FluentWait.java:208)
... 34 more
... Removed 27 stack frames]]>
    </failure>
  </testcase> <!-- sumOfcartProducts -->
  <testcase classname="excelConfigTest.ExcelTest" name="tc_02" time="0.0">
    <ignored/>
  </testcase> <!-- tc_02 -->
  <testcase classname="excelConfigTest.ExcelTest" name="tc_04" time="0.0">
    <ignored/>
  </testcase> <!-- tc_04 -->
</testsuite> <!-- Test -->
